<?xml version="1.0" encoding="UTF-8"?>
<!-- Generated by org.testng.reporters.JUnitReportReporter -->
<testsuite hostname="DESKTOP-AB28KPC" failures="0" tests="1" name="raBi_maven.extent_report.Alpha_locaters" time="2.344" errors="0" timestamp="2021-03-08T00:17:55 IST" skipped="0">
  <testcase classname="raBi_maven.extent_report.Alpha_locaters" name="locatersTest" time="2.344"/>
  <system-out/>
</testsuite> <!-- raBi_maven.extent_report.Alpha_locaters -->
