<?xml version="1.0" encoding="UTF-8"?>
<!-- Generated by org.testng.reporters.JUnitReportReporter -->
<testsuite hostname="DESKTOP-AB28KPC" failures="0" tests="1" name="raBi_maven.extent_report.New_Tab" time="29.398" errors="0" timestamp="2021-03-07T19:42:43 IST" skipped="0">
  <testcase classname="raBi_maven.extent_report.New_Tab" name="newTab" time="29.398"/>
  <system-out/>
</testsuite> <!-- raBi_maven.extent_report.New_Tab -->
