<?xml version="1.0" encoding="UTF-8"?>
<!-- Generated by org.testng.reporters.JUnitReportReporter -->
<testsuite hostname="DESKTOP-AB28KPC" failures="0" tests="1" name="raBi_maven.extent_report.location_page" time="11.782" errors="0" timestamp="2021-03-07T23:23:44 IST" skipped="0">
  <testcase classname="raBi_maven.extent_report.location_page" name="newTab" time="11.782"/>
  <system-out/>
</testsuite> <!-- raBi_maven.extent_report.location_page -->
