<?xml version="1.0" encoding="UTF-8"?>
<!-- Generated by org.testng.reporters.JUnitReportReporter -->
<testsuite hostname="DESKTOP-AB28KPC" failures="0" tests="1" name="raBi_maven.extent_report.HighLighting" time="0.090" errors="0" timestamp="2021-03-08T01:29:16 IST" skipped="0">
  <testcase classname="raBi_maven.extent_report.HighLighting" name="highlightning" time="0.090"/>
  <system-out/>
</testsuite> <!-- raBi_maven.extent_report.HighLighting -->
