<?xml version="1.0" encoding="UTF-8"?>
<!-- Generated by org.testng.reporters.JUnitReportReporter -->
<testsuite hostname="DESKTOP-AB28KPC" failures="0" tests="1" name="raBi_maven.extent_report.Test_Extent_Report" time="44.843" errors="0" timestamp="2021-02-05T00:51:36 IST" skipped="0">
  <testcase classname="raBi_maven.extent_report.Test_Extent_Report" name="extent_report" time="44.843"/>
  <system-out/>
</testsuite> <!-- raBi_maven.extent_report.Test_Extent_Report -->
