<?xml version="1.0" encoding="UTF-8"?>
<!-- Generated by org.testng.reporters.JUnitReportReporter -->
<testsuite hostname="DESKTOP-AB28KPC" failures="0" tests="2" name="raBi_maven.extent_report.HighLighting" time="0.654" errors="0" timestamp="2021-03-08T01:38:21 IST" skipped="0">
  <testcase classname="raBi_maven.extent_report.HighLighting" name="highlightning" time="0.095"/>
  <system-out/>
  <testcase classname="raBi_maven.extent_report.HighLighting" name="screenShot" time="0.559"/>
  <system-out/>
</testsuite> <!-- raBi_maven.extent_report.HighLighting -->
