<?xml version="1.0" encoding="UTF-8"?>
<!-- Generated by org.testng.reporters.JUnitReportReporter -->
<testsuite hostname="DESKTOP-AB28KPC" failures="0" tests="4" name="raBi_maven.extent_report.ScreenShot" time="2.147" errors="0" timestamp="2021-03-08T01:16:35 IST" skipped="0">
  <testcase classname="raBi_maven.extent_report.ScreenShot" name="screenshotTest_logo" time="0.408"/>
  <system-out/>
  <testcase classname="raBi_maven.extent_report.ScreenShot" name="screenshot_Page" time="0.773"/>
  <system-out/>
  <testcase classname="raBi_maven.extent_report.ScreenShot" name="ScreenShot_Section" time="0.622"/>
  <system-out/>
  <testcase classname="raBi_maven.extent_report.ScreenShot" name="screenshot_element" time="0.344"/>
  <system-out/>
</testsuite> <!-- raBi_maven.extent_report.ScreenShot -->
