<?xml version="1.0" encoding="UTF-8"?>
<!-- Generated by org.testng.reporters.JUnitReportReporter -->
<testsuite hostname="DESKTOP-AB28KPC" failures="0" tests="1" name="raBi_maven.extent_report.New_Window" time="26.622" errors="0" timestamp="2021-03-07T21:14:48 IST" skipped="0">
  <testcase classname="raBi_maven.extent_report.New_Window" name="newTab" time="26.622"/>
  <system-out/>
</testsuite> <!-- raBi_maven.extent_report.New_Window -->
