<?xml version="1.0" encoding="UTF-8"?>
<!-- Generated by org.testng.reporters.JUnitReportReporter -->
<testsuite hostname="DESKTOP-AB28KPC" failures="0" tests="1" name="raBi_maven.extent_report.WebDriver_Manager" time="11.562" errors="0" timestamp="2021-03-07T01:45:54 IST" skipped="0">
  <testcase classname="raBi_maven.extent_report.WebDriver_Manager" name="Screenshot_test" time="11.562"/>
  <system-out/>
</testsuite> <!-- raBi_maven.extent_report.WebDriver_Manager -->
